<?xml version="1.0" encoding="UTF-8"?>
<testng-results ignored="0" total="1" passed="1" failed="0" skipped="0">
  <reporter-output>
  </reporter-output>
  <suite started-at="2024-08-03T18:22:55 IST" name="Suite" finished-at="2024-08-03T18:23:15 IST" duration-ms="19940">
    <groups>
    </groups>
    <test started-at="2024-08-03T18:22:55 IST" name="Test" finished-at="2024-08-03T18:23:15 IST" duration-ms="19940">
      <class name="testCases.TestCases">
        <test-method is-config="true" signature="setupBrowser()[pri:0, instance:testCases.TestCases@1fc32e4f]" started-at="2024-08-03T18:22:55 IST" name="setupBrowser" finished-at="2024-08-03T18:23:01 IST" duration-ms="5254" status="PASS">
          <reporter-output>
          </reporter-output>
        </test-method> <!-- setupBrowser -->
        <test-method signature="Testcase1()[pri:0, instance:testCases.TestCases@1fc32e4f]" started-at="2024-08-03T18:23:01 IST" name="Testcase1" finished-at="2024-08-03T18:23:15 IST" duration-ms="14255" status="PASS">
          <reporter-output>
          </reporter-output>
        </test-method> <!-- Testcase1 -->
        <test-method is-config="true" signature="closeBrowser()[pri:0, instance:testCases.TestCases@1fc32e4f]" started-at="2024-08-03T18:23:15 IST" name="closeBrowser" finished-at="2024-08-03T18:23:15 IST" duration-ms="245" status="PASS">
          <reporter-output>
          </reporter-output>
        </test-method> <!-- closeBrowser -->
      </class> <!-- testCases.TestCases -->
    </test> <!-- Test -->
  </suite> <!-- Suite -->
</testng-results>
